Analysis & Synthesis report for function_generator
Tue Jun 06 11:45:47 2023
Quartus II 64-Bit Version 13.0.1 Build 232 06/12/2013 Service Pack 1 SJ Web Edition


---------------------
; Table of Contents ;
---------------------
  1. Legal Notice
  2. Analysis & Synthesis Summary
  3. Analysis & Synthesis Settings
  4. Parallel Compilation
  5. Analysis & Synthesis Source Files Read
  6. Analysis & Synthesis Resource Usage Summary
  7. Analysis & Synthesis Resource Utilization by Entity
  8. Analysis & Synthesis RAM Summary
  9. Analysis & Synthesis IP Cores Summary
 10. Registers Removed During Synthesis
 11. General Register Statistics
 12. Inverted Register Statistics
 13. Multiplexer Restructuring Statistics (Restructuring Performed)
 14. Source assignments for ROM:inst3|altsyncram:altsyncram_component|altsyncram_5o71:auto_generated
 15. Parameter Settings for User Entity Instance: ROM:inst3|altsyncram:altsyncram_component
 16. Parameter Settings for Inferred Entity Instance: Waveform_Generator:inst8|lpm_divide:Div0
 17. altsyncram Parameter Settings by Entity Instance
 18. Elapsed Time Per Partition
 19. Analysis & Synthesis Messages
 20. Analysis & Synthesis Suppressed Messages



----------------
; Legal Notice ;
----------------
Copyright (C) 1991-2013 Altera Corporation
Your use of Altera Corporation's design tools, logic functions 
and other software and tools, and its AMPP partner logic 
functions, and any output files from any of the foregoing 
(including device programming or simulation files), and any 
associated documentation or information are expressly subject 
to the terms and conditions of the Altera Program License 
Subscription Agreement, Altera MegaCore Function License 
Agreement, or other applicable license agreement, including, 
without limitation, that your use is for the sole purpose of 
programming logic devices manufactured by Altera and sold by 
Altera or its authorized distributors.  Please refer to the 
applicable agreement for further details.



+--------------------------------------------------------------------------------------+
; Analysis & Synthesis Summary                                                         ;
+------------------------------------+-------------------------------------------------+
; Analysis & Synthesis Status        ; Successful - Tue Jun 06 11:45:47 2023           ;
; Quartus II 64-Bit Version          ; 13.0.1 Build 232 06/12/2013 SP 1 SJ Web Edition ;
; Revision Name                      ; function_generator                              ;
; Top-level Entity Name              ; function_generator                              ;
; Family                             ; Cyclone II                                      ;
; Total logic elements               ; 253                                             ;
;     Total combinational functions  ; 252                                             ;
;     Dedicated logic registers      ; 104                                             ;
; Total registers                    ; 104                                             ;
; Total pins                         ; 23                                              ;
; Total virtual pins                 ; 0                                               ;
; Total memory bits                  ; 2,048                                           ;
; Embedded Multiplier 9-bit elements ; 0                                               ;
; Total PLLs                         ; 0                                               ;
+------------------------------------+-------------------------------------------------+


+----------------------------------------------------------------------------------------------------------------------+
; Analysis & Synthesis Settings                                                                                        ;
+----------------------------------------------------------------------------+--------------------+--------------------+
; Option                                                                     ; Setting            ; Default Value      ;
+----------------------------------------------------------------------------+--------------------+--------------------+
; Device                                                                     ; EP2C20F484C7       ;                    ;
; Top-level entity name                                                      ; function_generator ; function_generator ;
; Family name                                                                ; Cyclone II         ; Cyclone IV GX      ;
; Use smart compilation                                                      ; Off                ; Off                ;
; Enable parallel Assembler and TimeQuest Timing Analyzer during compilation ; On                 ; On                 ;
; Enable compact report table                                                ; Off                ; Off                ;
; Restructure Multiplexers                                                   ; Auto               ; Auto               ;
; Create Debugging Nodes for IP Cores                                        ; Off                ; Off                ;
; Preserve fewer node names                                                  ; On                 ; On                 ;
; Disable OpenCore Plus hardware evaluation                                  ; Off                ; Off                ;
; Verilog Version                                                            ; Verilog_2001       ; Verilog_2001       ;
; VHDL Version                                                               ; VHDL_1993          ; VHDL_1993          ;
; State Machine Processing                                                   ; Auto               ; Auto               ;
; Safe State Machine                                                         ; Off                ; Off                ;
; Extract Verilog State Machines                                             ; On                 ; On                 ;
; Extract VHDL State Machines                                                ; On                 ; On                 ;
; Ignore Verilog initial constructs                                          ; Off                ; Off                ;
; Iteration limit for constant Verilog loops                                 ; 5000               ; 5000               ;
; Iteration limit for non-constant Verilog loops                             ; 250                ; 250                ;
; Add Pass-Through Logic to Inferred RAMs                                    ; On                 ; On                 ;
; Infer RAMs from Raw Logic                                                  ; On                 ; On                 ;
; Parallel Synthesis                                                         ; On                 ; On                 ;
; DSP Block Balancing                                                        ; Auto               ; Auto               ;
; NOT Gate Push-Back                                                         ; On                 ; On                 ;
; Power-Up Don't Care                                                        ; On                 ; On                 ;
; Remove Redundant Logic Cells                                               ; Off                ; Off                ;
; Remove Duplicate Registers                                                 ; On                 ; On                 ;
; Ignore CARRY Buffers                                                       ; Off                ; Off                ;
; Ignore CASCADE Buffers                                                     ; Off                ; Off                ;
; Ignore GLOBAL Buffers                                                      ; Off                ; Off                ;
; Ignore ROW GLOBAL Buffers                                                  ; Off                ; Off                ;
; Ignore LCELL Buffers                                                       ; Off                ; Off                ;
; Ignore SOFT Buffers                                                        ; On                 ; On                 ;
; Limit AHDL Integers to 32 Bits                                             ; Off                ; Off                ;
; Optimization Technique                                                     ; Balanced           ; Balanced           ;
; Carry Chain Length                                                         ; 70                 ; 70                 ;
; Auto Carry Chains                                                          ; On                 ; On                 ;
; Auto Open-Drain Pins                                                       ; On                 ; On                 ;
; Perform WYSIWYG Primitive Resynthesis                                      ; Off                ; Off                ;
; Auto ROM Replacement                                                       ; On                 ; On                 ;
; Auto RAM Replacement                                                       ; On                 ; On                 ;
; Auto Shift Register Replacement                                            ; Auto               ; Auto               ;
; Allow Shift Register Merging across Hierarchies                            ; Auto               ; Auto               ;
; Auto Clock Enable Replacement                                              ; On                 ; On                 ;
; Strict RAM Replacement                                                     ; Off                ; Off                ;
; Allow Synchronous Control Signals                                          ; On                 ; On                 ;
; Force Use of Synchronous Clear Signals                                     ; Off                ; Off                ;
; Auto RAM to Logic Cell Conversion                                          ; Off                ; Off                ;
; Auto Resource Sharing                                                      ; Off                ; Off                ;
; Allow Any RAM Size For Recognition                                         ; Off                ; Off                ;
; Allow Any ROM Size For Recognition                                         ; Off                ; Off                ;
; Allow Any Shift Register Size For Recognition                              ; Off                ; Off                ;
; Use LogicLock Constraints during Resource Balancing                        ; On                 ; On                 ;
; Ignore translate_off and synthesis_off directives                          ; Off                ; Off                ;
; Timing-Driven Synthesis                                                    ; Off                ; Off                ;
; Report Parameter Settings                                                  ; On                 ; On                 ;
; Report Source Assignments                                                  ; On                 ; On                 ;
; Report Connectivity Checks                                                 ; On                 ; On                 ;
; Ignore Maximum Fan-Out Assignments                                         ; Off                ; Off                ;
; Synchronization Register Chain Length                                      ; 2                  ; 2                  ;
; PowerPlay Power Optimization                                               ; Normal compilation ; Normal compilation ;
; HDL message level                                                          ; Level2             ; Level2             ;
; Suppress Register Optimization Related Messages                            ; Off                ; Off                ;
; Number of Removed Registers Reported in Synthesis Report                   ; 5000               ; 5000               ;
; Number of Swept Nodes Reported in Synthesis Report                         ; 5000               ; 5000               ;
; Number of Inverted Registers Reported in Synthesis Report                  ; 100                ; 100                ;
; Clock MUX Protection                                                       ; On                 ; On                 ;
; Auto Gated Clock Conversion                                                ; Off                ; Off                ;
; Block Design Naming                                                        ; Auto               ; Auto               ;
; SDC constraint protection                                                  ; Off                ; Off                ;
; Synthesis Effort                                                           ; Auto               ; Auto               ;
; Shift Register Replacement - Allow Asynchronous Clear Signal               ; On                 ; On                 ;
; Pre-Mapping Resynthesis Optimization                                       ; Off                ; Off                ;
; Analysis & Synthesis Message Level                                         ; Medium             ; Medium             ;
; Disable Register Merging Across Hierarchies                                ; Auto               ; Auto               ;
; Resource Aware Inference For Block RAM                                     ; On                 ; On                 ;
; Synthesis Seed                                                             ; 1                  ; 1                  ;
+----------------------------------------------------------------------------+--------------------+--------------------+


+------------------------------------------+
; Parallel Compilation                     ;
+----------------------------+-------------+
; Processors                 ; Number      ;
+----------------------------+-------------+
; Number detected on machine ; 16          ;
; Maximum allowed            ; 16          ;
;                            ;             ;
; Average used               ; 1.00        ;
; Maximum used               ; 1           ;
;                            ;             ;
; Usage by Processor         ; % Time Used ;
;     Processor 1            ; 100.0%      ;
;     Processors 2-16        ;   0.0%      ;
+----------------------------+-------------+


+-----------------------------------------------------------------------------------------------------------------------------------------------------------------------------------------------------------+
; Analysis & Synthesis Source Files Read                                                                                                                                                                    ;
+----------------------------------+-----------------+----------------------------------------+---------------------------------------------------------------------------------------------------+---------+
; File Name with User-Entered Path ; Used in Netlist ; File Type                              ; File Name with Absolute Path                                                                      ; Library ;
+----------------------------------+-----------------+----------------------------------------+---------------------------------------------------------------------------------------------------+---------+
; Waveform_Generator.v             ; yes             ; User Verilog HDL File                  ; E:/UT Archive/Digital Systems I Lab/Lab#3/Function Generator Synthesis/Waveform_Generator.v       ;         ;
; Frequency_Selector.v             ; yes             ; User Verilog HDL File                  ; E:/UT Archive/Digital Systems I Lab/Lab#3/Function Generator Synthesis/Frequency_Selector.v       ;         ;
; Amplitude_Selector.v             ; yes             ; User Verilog HDL File                  ; E:/UT Archive/Digital Systems I Lab/Lab#3/Function Generator Synthesis/Amplitude_Selector.v       ;         ;
; register.v                       ; yes             ; User Verilog HDL File                  ; E:/UT Archive/Digital Systems I Lab/Lab#3/Function Generator Synthesis/register.v                 ;         ;
; adder.v                          ; yes             ; User Verilog HDL File                  ; E:/UT Archive/Digital Systems I Lab/Lab#3/Function Generator Synthesis/adder.v                    ;         ;
; function_generator.bdf           ; yes             ; User Block Diagram/Schematic File      ; E:/UT Archive/Digital Systems I Lab/Lab#3/Function Generator Synthesis/function_generator.bdf     ;         ;
; ROM.v                            ; yes             ; User Wizard-Generated File             ; E:/UT Archive/Digital Systems I Lab/Lab#3/Function Generator Synthesis/ROM.v                      ;         ;
; PWM.v                            ; yes             ; User Verilog HDL File                  ; E:/UT Archive/Digital Systems I Lab/Lab#3/Function Generator Synthesis/PWM.v                      ;         ;
; altsyncram.tdf                   ; yes             ; Megafunction                           ; c:/quartus13/quartus/libraries/megafunctions/altsyncram.tdf                                       ;         ;
; stratix_ram_block.inc            ; yes             ; Megafunction                           ; c:/quartus13/quartus/libraries/megafunctions/stratix_ram_block.inc                                ;         ;
; lpm_mux.inc                      ; yes             ; Megafunction                           ; c:/quartus13/quartus/libraries/megafunctions/lpm_mux.inc                                          ;         ;
; lpm_decode.inc                   ; yes             ; Megafunction                           ; c:/quartus13/quartus/libraries/megafunctions/lpm_decode.inc                                       ;         ;
; aglobal130.inc                   ; yes             ; Megafunction                           ; c:/quartus13/quartus/libraries/megafunctions/aglobal130.inc                                       ;         ;
; a_rdenreg.inc                    ; yes             ; Megafunction                           ; c:/quartus13/quartus/libraries/megafunctions/a_rdenreg.inc                                        ;         ;
; altrom.inc                       ; yes             ; Megafunction                           ; c:/quartus13/quartus/libraries/megafunctions/altrom.inc                                           ;         ;
; altram.inc                       ; yes             ; Megafunction                           ; c:/quartus13/quartus/libraries/megafunctions/altram.inc                                           ;         ;
; altdpram.inc                     ; yes             ; Megafunction                           ; c:/quartus13/quartus/libraries/megafunctions/altdpram.inc                                         ;         ;
; db/altsyncram_5o71.tdf           ; yes             ; Auto-Generated Megafunction            ; E:/UT Archive/Digital Systems I Lab/Lab#3/Function Generator Synthesis/db/altsyncram_5o71.tdf     ;         ;
; sine.mif                         ; yes             ; Auto-Found Memory Initialization File  ; E:/UT Archive/Digital Systems I Lab/Lab#3/Function Generator Synthesis/sine.mif                   ;         ;
; lpm_divide.tdf                   ; yes             ; Megafunction                           ; c:/quartus13/quartus/libraries/megafunctions/lpm_divide.tdf                                       ;         ;
; abs_divider.inc                  ; yes             ; Megafunction                           ; c:/quartus13/quartus/libraries/megafunctions/abs_divider.inc                                      ;         ;
; sign_div_unsign.inc              ; yes             ; Megafunction                           ; c:/quartus13/quartus/libraries/megafunctions/sign_div_unsign.inc                                  ;         ;
; db/lpm_divide_5dm.tdf            ; yes             ; Auto-Generated Megafunction            ; E:/UT Archive/Digital Systems I Lab/Lab#3/Function Generator Synthesis/db/lpm_divide_5dm.tdf      ;         ;
; db/sign_div_unsign_fkh.tdf       ; yes             ; Auto-Generated Megafunction            ; E:/UT Archive/Digital Systems I Lab/Lab#3/Function Generator Synthesis/db/sign_div_unsign_fkh.tdf ;         ;
; db/alt_u_div_00f.tdf             ; yes             ; Auto-Generated Megafunction            ; E:/UT Archive/Digital Systems I Lab/Lab#3/Function Generator Synthesis/db/alt_u_div_00f.tdf       ;         ;
; db/add_sub_lkc.tdf               ; yes             ; Auto-Generated Megafunction            ; E:/UT Archive/Digital Systems I Lab/Lab#3/Function Generator Synthesis/db/add_sub_lkc.tdf         ;         ;
; db/add_sub_mkc.tdf               ; yes             ; Auto-Generated Megafunction            ; E:/UT Archive/Digital Systems I Lab/Lab#3/Function Generator Synthesis/db/add_sub_mkc.tdf         ;         ;
+----------------------------------+-----------------+----------------------------------------+---------------------------------------------------------------------------------------------------+---------+


+----------------------------------------------------------------------------------+
; Analysis & Synthesis Resource Usage Summary                                      ;
+---------------------------------------------+------------------------------------+
; Resource                                    ; Usage                              ;
+---------------------------------------------+------------------------------------+
; Estimated Total logic elements              ; 253                                ;
;                                             ;                                    ;
; Total combinational functions               ; 252                                ;
; Logic element usage by number of LUT inputs ;                                    ;
;     -- 4 input functions                    ; 79                                 ;
;     -- 3 input functions                    ; 93                                 ;
;     -- <=2 input functions                  ; 80                                 ;
;                                             ;                                    ;
; Logic elements by mode                      ;                                    ;
;     -- normal mode                          ; 162                                ;
;     -- arithmetic mode                      ; 90                                 ;
;                                             ;                                    ;
; Total registers                             ; 104                                ;
;     -- Dedicated logic registers            ; 104                                ;
;     -- I/O registers                        ; 0                                  ;
;                                             ;                                    ;
; I/O pins                                    ; 23                                 ;
; Total memory bits                           ; 2048                               ;
; Embedded Multiplier 9-bit elements          ; 0                                  ;
; Maximum fan-out node                        ; Frequency_Selector:inst14|WideAnd0 ;
; Maximum fan-out                             ; 97                                 ;
; Total fan-out                               ; 1053                               ;
; Average fan-out                             ; 2.72                               ;
+---------------------------------------------+------------------------------------+


+---------------------------------------------------------------------------------------------------------------------------------------------------------------------------------------------------------------------------------------------------------------------------------------------------------------------+
; Analysis & Synthesis Resource Utilization by Entity                                                                                                                                                                                                                                                                 ;
+-------------------------------------------+-------------------+--------------+-------------+--------------+---------+-----------+------+--------------+----------------------------------------------------------------------------------------------------------------------------------------------+--------------+
; Compilation Hierarchy Node                ; LC Combinationals ; LC Registers ; Memory Bits ; DSP Elements ; DSP 9x9 ; DSP 18x18 ; Pins ; Virtual Pins ; Full Hierarchy Name                                                                                                                          ; Library Name ;
+-------------------------------------------+-------------------+--------------+-------------+--------------+---------+-----------+------+--------------+----------------------------------------------------------------------------------------------------------------------------------------------+--------------+
; |function_generator                       ; 252 (0)           ; 104 (0)      ; 2048        ; 0            ; 0       ; 0         ; 23   ; 0            ; |function_generator                                                                                                                          ; work         ;
;    |Amplitude_Selector:inst2|             ; 15 (15)           ; 0 (0)        ; 0           ; 0            ; 0       ; 0         ; 0    ; 0            ; |function_generator|Amplitude_Selector:inst2                                                                                                 ; work         ;
;    |Frequency_Selector:inst14|            ; 33 (33)           ; 9 (9)        ; 0           ; 0            ; 0       ; 0         ; 0    ; 0            ; |function_generator|Frequency_Selector:inst14                                                                                                ; work         ;
;    |PWM:inst13|                           ; 16 (16)           ; 9 (9)        ; 0           ; 0            ; 0       ; 0         ; 0    ; 0            ; |function_generator|PWM:inst13                                                                                                               ; work         ;
;    |ROM:inst3|                            ; 0 (0)             ; 0 (0)        ; 2048        ; 0            ; 0       ; 0         ; 0    ; 0            ; |function_generator|ROM:inst3                                                                                                                ; work         ;
;       |altsyncram:altsyncram_component|   ; 0 (0)             ; 0 (0)        ; 2048        ; 0            ; 0       ; 0         ; 0    ; 0            ; |function_generator|ROM:inst3|altsyncram:altsyncram_component                                                                                ; work         ;
;          |altsyncram_5o71:auto_generated| ; 0 (0)             ; 0 (0)        ; 2048        ; 0            ; 0       ; 0         ; 0    ; 0            ; |function_generator|ROM:inst3|altsyncram:altsyncram_component|altsyncram_5o71:auto_generated                                                 ; work         ;
;    |Waveform_Generator:inst8|             ; 180 (116)         ; 78 (78)      ; 0           ; 0            ; 0       ; 0         ; 0    ; 0            ; |function_generator|Waveform_Generator:inst8                                                                                                 ; work         ;
;       |lpm_divide:Div0|                   ; 64 (0)            ; 0 (0)        ; 0           ; 0            ; 0       ; 0         ; 0    ; 0            ; |function_generator|Waveform_Generator:inst8|lpm_divide:Div0                                                                                 ; work         ;
;          |lpm_divide_5dm:auto_generated|  ; 64 (0)            ; 0 (0)        ; 0           ; 0            ; 0       ; 0         ; 0    ; 0            ; |function_generator|Waveform_Generator:inst8|lpm_divide:Div0|lpm_divide_5dm:auto_generated                                                   ; work         ;
;             |sign_div_unsign_fkh:divider| ; 64 (0)            ; 0 (0)        ; 0           ; 0            ; 0       ; 0         ; 0    ; 0            ; |function_generator|Waveform_Generator:inst8|lpm_divide:Div0|lpm_divide_5dm:auto_generated|sign_div_unsign_fkh:divider                       ; work         ;
;                |alt_u_div_00f:divider|    ; 64 (64)           ; 0 (0)        ; 0           ; 0            ; 0       ; 0         ; 0    ; 0            ; |function_generator|Waveform_Generator:inst8|lpm_divide:Div0|lpm_divide_5dm:auto_generated|sign_div_unsign_fkh:divider|alt_u_div_00f:divider ; work         ;
;    |register:inst1|                       ; 8 (8)             ; 8 (8)        ; 0           ; 0            ; 0       ; 0         ; 0    ; 0            ; |function_generator|register:inst1                                                                                                           ; work         ;
+-------------------------------------------+-------------------+--------------+-------------+--------------+---------+-----------+------+--------------+----------------------------------------------------------------------------------------------------------------------------------------------+--------------+
Note: For table entries with two numbers listed, the numbers in parentheses indicate the number of resources of the given type used by the specific entity alone. The numbers listed outside of parentheses indicate the total resources of the given type used by the specific entity and all of its sub-entities in the hierarchy.


+------------------------------------------------------------------------------------------------------------------------------------------------------------------------------------+
; Analysis & Synthesis RAM Summary                                                                                                                                                   ;
+-------------------------------------------------------------------------------------+------+------+--------------+--------------+--------------+--------------+------+-------------+
; Name                                                                                ; Type ; Mode ; Port A Depth ; Port A Width ; Port B Depth ; Port B Width ; Size ; MIF         ;
+-------------------------------------------------------------------------------------+------+------+--------------+--------------+--------------+--------------+------+-------------+
; ROM:inst3|altsyncram:altsyncram_component|altsyncram_5o71:auto_generated|ALTSYNCRAM ; AUTO ; ROM  ; 256          ; 8            ; --           ; --           ; 2048 ; ../sine.mif ;
+-------------------------------------------------------------------------------------+------+------+--------------+--------------+--------------+--------------+------+-------------+


+------------------------------------------------------------------------------------------------------------------------------------------------------------------------------+
; Analysis & Synthesis IP Cores Summary                                                                                                                                        ;
+--------+--------------+---------+--------------+--------------+-------------------------------+------------------------------------------------------------------------------+
; Vendor ; IP Core Name ; Version ; Release Date ; License Type ; Entity Instance               ; IP Include File                                                              ;
+--------+--------------+---------+--------------+--------------+-------------------------------+------------------------------------------------------------------------------+
; Altera ; ROM: 1-PORT  ; 13.0    ; N/A          ; N/A          ; |function_generator|ROM:inst3 ; E:/UT Archive/Digital Systems I Lab/Lab#3/Function Generator Synthesis/ROM.v ;
+--------+--------------+---------+--------------+--------------+-------------------------------+------------------------------------------------------------------------------+


+----------------------------------------------------------------------------------------------+
; Registers Removed During Synthesis                                                           ;
+------------------------------------------+---------------------------------------------------+
; Register name                            ; Reason for Removal                                ;
+------------------------------------------+---------------------------------------------------+
; Waveform_Generator:inst8|OutTri[0]       ; Stuck at GND due to stuck port data_in            ;
; Waveform_Generator:inst8|OutFWR[15]      ; Stuck at GND due to stuck port data_in            ;
; Waveform_Generator:inst8|OutHWR[15]      ; Stuck at GND due to stuck port data_in            ;
; Waveform_Generator:inst8|OutSquare[1..7] ; Merged with Waveform_Generator:inst8|OutSquare[0] ;
; Waveform_Generator:inst8|A[15]           ; Merged with Waveform_Generator:inst8|OutSine[15]  ;
; Waveform_Generator:inst8|A[14]           ; Merged with Waveform_Generator:inst8|OutSine[14]  ;
; Waveform_Generator:inst8|A[13]           ; Merged with Waveform_Generator:inst8|OutSine[13]  ;
; Waveform_Generator:inst8|A[12]           ; Merged with Waveform_Generator:inst8|OutSine[12]  ;
; Waveform_Generator:inst8|A[11]           ; Merged with Waveform_Generator:inst8|OutSine[11]  ;
; Waveform_Generator:inst8|A[10]           ; Merged with Waveform_Generator:inst8|OutSine[10]  ;
; Waveform_Generator:inst8|A[9]            ; Merged with Waveform_Generator:inst8|OutSine[9]   ;
; Waveform_Generator:inst8|A[8]            ; Merged with Waveform_Generator:inst8|OutSine[8]   ;
; Total Number of Removed Registers = 18   ;                                                   ;
+------------------------------------------+---------------------------------------------------+


+------------------------------------------------------+
; General Register Statistics                          ;
+----------------------------------------------+-------+
; Statistic                                    ; Value ;
+----------------------------------------------+-------+
; Total registers                              ; 104   ;
; Number of registers using Synchronous Clear  ; 0     ;
; Number of registers using Synchronous Load   ; 0     ;
; Number of registers using Asynchronous Clear ; 33    ;
; Number of registers using Asynchronous Load  ; 0     ;
; Number of registers using Clock Enable       ; 0     ;
; Number of registers using Preset             ; 0     ;
+----------------------------------------------+-------+


+--------------------------------------------------+
; Inverted Register Statistics                     ;
+----------------------------------------+---------+
; Inverted Register                      ; Fan out ;
+----------------------------------------+---------+
; Waveform_Generator:inst8|B[14]         ; 2       ;
; Waveform_Generator:inst8|B[13]         ; 2       ;
; Waveform_Generator:inst8|B[12]         ; 2       ;
; Waveform_Generator:inst8|B[10]         ; 2       ;
; Waveform_Generator:inst8|B[8]          ; 2       ;
; Waveform_Generator:inst8|B[5]          ; 2       ;
; Waveform_Generator:inst8|B[4]          ; 1       ;
; Total number of inverted registers = 7 ;         ;
+----------------------------------------+---------+


+-----------------------------------------------------------------------------------------------------------------------------------------------------------------------+
; Multiplexer Restructuring Statistics (Restructuring Performed)                                                                                                        ;
+--------------------+-----------+---------------+----------------------+------------------------+------------+---------------------------------------------------------+
; Multiplexer Inputs ; Bus Width ; Baseline Area ; Area if Restructured ; Saving if Restructured ; Registered ; Example Multiplexer Output                              ;
+--------------------+-----------+---------------+----------------------+------------------------+------------+---------------------------------------------------------+
; 8:1                ; 6 bits    ; 30 LEs        ; 30 LEs               ; 0 LEs                  ; Yes        ; |function_generator|Waveform_Generator:inst8|WaveOut[5] ;
+--------------------+-----------+---------------+----------------------+------------------------+------------+---------------------------------------------------------+


+-------------------------------------------------------------------------------------------------+
; Source assignments for ROM:inst3|altsyncram:altsyncram_component|altsyncram_5o71:auto_generated ;
+---------------------------------+--------------------+------+-----------------------------------+
; Assignment                      ; Value              ; From ; To                                ;
+---------------------------------+--------------------+------+-----------------------------------+
; OPTIMIZE_POWER_DURING_SYNTHESIS ; NORMAL_COMPILATION ; -    ; -                                 ;
+---------------------------------+--------------------+------+-----------------------------------+


+----------------------------------------------------------------------------------------+
; Parameter Settings for User Entity Instance: ROM:inst3|altsyncram:altsyncram_component ;
+------------------------------------+----------------------+----------------------------+
; Parameter Name                     ; Value                ; Type                       ;
+------------------------------------+----------------------+----------------------------+
; BYTE_SIZE_BLOCK                    ; 8                    ; Untyped                    ;
; AUTO_CARRY_CHAINS                  ; ON                   ; AUTO_CARRY                 ;
; IGNORE_CARRY_BUFFERS               ; OFF                  ; IGNORE_CARRY               ;
; AUTO_CASCADE_CHAINS                ; ON                   ; AUTO_CASCADE               ;
; IGNORE_CASCADE_BUFFERS             ; OFF                  ; IGNORE_CASCADE             ;
; WIDTH_BYTEENA                      ; 1                    ; Untyped                    ;
; OPERATION_MODE                     ; ROM                  ; Untyped                    ;
; WIDTH_A                            ; 8                    ; Signed Integer             ;
; WIDTHAD_A                          ; 8                    ; Signed Integer             ;
; NUMWORDS_A                         ; 256                  ; Signed Integer             ;
; OUTDATA_REG_A                      ; UNREGISTERED         ; Untyped                    ;
; ADDRESS_ACLR_A                     ; NONE                 ; Untyped                    ;
; OUTDATA_ACLR_A                     ; NONE                 ; Untyped                    ;
; WRCONTROL_ACLR_A                   ; NONE                 ; Untyped                    ;
; INDATA_ACLR_A                      ; NONE                 ; Untyped                    ;
; BYTEENA_ACLR_A                     ; NONE                 ; Untyped                    ;
; WIDTH_B                            ; 1                    ; Untyped                    ;
; WIDTHAD_B                          ; 1                    ; Untyped                    ;
; NUMWORDS_B                         ; 1                    ; Untyped                    ;
; INDATA_REG_B                       ; CLOCK1               ; Untyped                    ;
; WRCONTROL_WRADDRESS_REG_B          ; CLOCK1               ; Untyped                    ;
; RDCONTROL_REG_B                    ; CLOCK1               ; Untyped                    ;
; ADDRESS_REG_B                      ; CLOCK1               ; Untyped                    ;
; OUTDATA_REG_B                      ; UNREGISTERED         ; Untyped                    ;
; BYTEENA_REG_B                      ; CLOCK1               ; Untyped                    ;
; INDATA_ACLR_B                      ; NONE                 ; Untyped                    ;
; WRCONTROL_ACLR_B                   ; NONE                 ; Untyped                    ;
; ADDRESS_ACLR_B                     ; NONE                 ; Untyped                    ;
; OUTDATA_ACLR_B                     ; NONE                 ; Untyped                    ;
; RDCONTROL_ACLR_B                   ; NONE                 ; Untyped                    ;
; BYTEENA_ACLR_B                     ; NONE                 ; Untyped                    ;
; WIDTH_BYTEENA_A                    ; 1                    ; Signed Integer             ;
; WIDTH_BYTEENA_B                    ; 1                    ; Untyped                    ;
; RAM_BLOCK_TYPE                     ; AUTO                 ; Untyped                    ;
; BYTE_SIZE                          ; 8                    ; Untyped                    ;
; READ_DURING_WRITE_MODE_MIXED_PORTS ; DONT_CARE            ; Untyped                    ;
; READ_DURING_WRITE_MODE_PORT_A      ; NEW_DATA_NO_NBE_READ ; Untyped                    ;
; READ_DURING_WRITE_MODE_PORT_B      ; NEW_DATA_NO_NBE_READ ; Untyped                    ;
; INIT_FILE                          ; ../sine.mif          ; Untyped                    ;
; INIT_FILE_LAYOUT                   ; PORT_A               ; Untyped                    ;
; MAXIMUM_DEPTH                      ; 0                    ; Untyped                    ;
; CLOCK_ENABLE_INPUT_A               ; BYPASS               ; Untyped                    ;
; CLOCK_ENABLE_INPUT_B               ; NORMAL               ; Untyped                    ;
; CLOCK_ENABLE_OUTPUT_A              ; BYPASS               ; Untyped                    ;
; CLOCK_ENABLE_OUTPUT_B              ; NORMAL               ; Untyped                    ;
; CLOCK_ENABLE_CORE_A                ; USE_INPUT_CLKEN      ; Untyped                    ;
; CLOCK_ENABLE_CORE_B                ; USE_INPUT_CLKEN      ; Untyped                    ;
; ENABLE_ECC                         ; FALSE                ; Untyped                    ;
; ECC_PIPELINE_STAGE_ENABLED         ; FALSE                ; Untyped                    ;
; WIDTH_ECCSTATUS                    ; 3                    ; Untyped                    ;
; DEVICE_FAMILY                      ; Cyclone II           ; Untyped                    ;
; CBXI_PARAMETER                     ; altsyncram_5o71      ; Untyped                    ;
+------------------------------------+----------------------+----------------------------+
Note: In order to hide this table in the UI and the text report file, please set the "Show Parameter Settings in Synthesis Report" option in "Analysis and Synthesis Settings -> More Settings" to "Off".


+-------------------------------------------------------------------------------------------+
; Parameter Settings for Inferred Entity Instance: Waveform_Generator:inst8|lpm_divide:Div0 ;
+------------------------+----------------+-------------------------------------------------+
; Parameter Name         ; Value          ; Type                                            ;
+------------------------+----------------+-------------------------------------------------+
; LPM_WIDTHN             ; 8              ; Untyped                                         ;
; LPM_WIDTHD             ; 8              ; Untyped                                         ;
; LPM_NREPRESENTATION    ; UNSIGNED       ; Untyped                                         ;
; LPM_DREPRESENTATION    ; UNSIGNED       ; Untyped                                         ;
; LPM_PIPELINE           ; 0              ; Untyped                                         ;
; LPM_REMAINDERPOSITIVE  ; TRUE           ; Untyped                                         ;
; MAXIMIZE_SPEED         ; 5              ; Untyped                                         ;
; CBXI_PARAMETER         ; lpm_divide_5dm ; Untyped                                         ;
; CARRY_CHAIN            ; MANUAL         ; Untyped                                         ;
; OPTIMIZE_FOR_SPEED     ; 5              ; Untyped                                         ;
; AUTO_CARRY_CHAINS      ; ON             ; AUTO_CARRY                                      ;
; IGNORE_CARRY_BUFFERS   ; OFF            ; IGNORE_CARRY                                    ;
; AUTO_CASCADE_CHAINS    ; ON             ; AUTO_CASCADE                                    ;
; IGNORE_CASCADE_BUFFERS ; OFF            ; IGNORE_CASCADE                                  ;
+------------------------+----------------+-------------------------------------------------+
Note: In order to hide this table in the UI and the text report file, please set the "Show Parameter Settings in Synthesis Report" option in "Analysis and Synthesis Settings -> More Settings" to "Off".


+---------------------------------------------------------------------------------------+
; altsyncram Parameter Settings by Entity Instance                                      ;
+-------------------------------------------+-------------------------------------------+
; Name                                      ; Value                                     ;
+-------------------------------------------+-------------------------------------------+
; Number of entity instances                ; 1                                         ;
; Entity Instance                           ; ROM:inst3|altsyncram:altsyncram_component ;
;     -- OPERATION_MODE                     ; ROM                                       ;
;     -- WIDTH_A                            ; 8                                         ;
;     -- NUMWORDS_A                         ; 256                                       ;
;     -- OUTDATA_REG_A                      ; UNREGISTERED                              ;
;     -- WIDTH_B                            ; 1                                         ;
;     -- NUMWORDS_B                         ; 1                                         ;
;     -- ADDRESS_REG_B                      ; CLOCK1                                    ;
;     -- OUTDATA_REG_B                      ; UNREGISTERED                              ;
;     -- RAM_BLOCK_TYPE                     ; AUTO                                      ;
;     -- READ_DURING_WRITE_MODE_MIXED_PORTS ; DONT_CARE                                 ;
+-------------------------------------------+-------------------------------------------+


+-------------------------------+
; Elapsed Time Per Partition    ;
+----------------+--------------+
; Partition Name ; Elapsed Time ;
+----------------+--------------+
; Top            ; 00:00:00     ;
+----------------+--------------+


+-------------------------------+
; Analysis & Synthesis Messages ;
+-------------------------------+
Info: *******************************************************************
Info: Running Quartus II 64-Bit Analysis & Synthesis
    Info: Version 13.0.1 Build 232 06/12/2013 Service Pack 1 SJ Web Edition
    Info: Processing started: Tue Jun 06 11:45:45 2023
Info: Command: quartus_map --read_settings_files=on --write_settings_files=off function_generator -c function_generator
Info (20030): Parallel compilation is enabled and will use 16 of the 16 processors detected
Info (12021): Found 1 design units, including 1 entities, in source file waveform_generator.v
    Info (12023): Found entity 1: Waveform_Generator
Info (12021): Found 1 design units, including 1 entities, in source file frequency_selector.v
    Info (12023): Found entity 1: Frequency_Selector
Info (12021): Found 1 design units, including 1 entities, in source file amplitude_selector.v
    Info (12023): Found entity 1: Amplitude_Selector
Info (12021): Found 1 design units, including 1 entities, in source file register.v
    Info (12023): Found entity 1: register
Info (12021): Found 1 design units, including 1 entities, in source file adder.v
    Info (12023): Found entity 1: adder
Info (12021): Found 1 design units, including 1 entities, in source file function_generator.bdf
    Info (12023): Found entity 1: function_generator
Info (12021): Found 1 design units, including 1 entities, in source file rom.v
    Info (12023): Found entity 1: ROM
Info (12021): Found 1 design units, including 1 entities, in source file pwm.v
    Info (12023): Found entity 1: PWM
Info (12127): Elaborating entity "function_generator" for the top level hierarchy
Info (12128): Elaborating entity "PWM" for hierarchy "PWM:inst13"
Info (12128): Elaborating entity "Amplitude_Selector" for hierarchy "Amplitude_Selector:inst2"
Info (12128): Elaborating entity "Waveform_Generator" for hierarchy "Waveform_Generator:inst8"
Warning (10230): Verilog HDL assignment warning at Waveform_Generator.v(10): truncated value with size 32 to match size of target (8)
Warning (10230): Verilog HDL assignment warning at Waveform_Generator.v(15): truncated value with size 32 to match size of target (8)
Warning (10230): Verilog HDL assignment warning at Waveform_Generator.v(31): truncated value with size 32 to match size of target (8)
Warning (10230): Verilog HDL assignment warning at Waveform_Generator.v(36): truncated value with size 17 to match size of target (16)
Warning (10230): Verilog HDL assignment warning at Waveform_Generator.v(37): truncated value with size 17 to match size of target (16)
Warning (10230): Verilog HDL assignment warning at Waveform_Generator.v(66): truncated value with size 32 to match size of target (8)
Warning (10230): Verilog HDL assignment warning at Waveform_Generator.v(67): truncated value with size 32 to match size of target (8)
Warning (10230): Verilog HDL assignment warning at Waveform_Generator.v(68): truncated value with size 32 to match size of target (8)
Info (12128): Elaborating entity "Frequency_Selector" for hierarchy "Frequency_Selector:inst14"
Warning (10230): Verilog HDL assignment warning at Frequency_Selector.v(14): truncated value with size 32 to match size of target (9)
Info (12128): Elaborating entity "ROM" for hierarchy "ROM:inst3"
Info (12128): Elaborating entity "altsyncram" for hierarchy "ROM:inst3|altsyncram:altsyncram_component"
Info (12130): Elaborated megafunction instantiation "ROM:inst3|altsyncram:altsyncram_component"
Info (12133): Instantiated megafunction "ROM:inst3|altsyncram:altsyncram_component" with the following parameter:
    Info (12134): Parameter "clock_enable_input_a" = "BYPASS"
    Info (12134): Parameter "clock_enable_output_a" = "BYPASS"
    Info (12134): Parameter "init_file" = "../sine.mif"
    Info (12134): Parameter "intended_device_family" = "Cyclone II"
    Info (12134): Parameter "lpm_hint" = "ENABLE_RUNTIME_MOD=NO"
    Info (12134): Parameter "lpm_type" = "altsyncram"
    Info (12134): Parameter "numwords_a" = "256"
    Info (12134): Parameter "operation_mode" = "ROM"
    Info (12134): Parameter "outdata_aclr_a" = "NONE"
    Info (12134): Parameter "outdata_reg_a" = "UNREGISTERED"
    Info (12134): Parameter "widthad_a" = "8"
    Info (12134): Parameter "width_a" = "8"
    Info (12134): Parameter "width_byteena_a" = "1"
Info (12021): Found 1 design units, including 1 entities, in source file db/altsyncram_5o71.tdf
    Info (12023): Found entity 1: altsyncram_5o71
Info (12128): Elaborating entity "altsyncram_5o71" for hierarchy "ROM:inst3|altsyncram:altsyncram_component|altsyncram_5o71:auto_generated"
Info (12128): Elaborating entity "register" for hierarchy "register:inst1"
Info (12128): Elaborating entity "adder" for hierarchy "adder:inst"
Info (278001): Inferred 1 megafunctions from design logic
    Info (278004): Inferred divider/modulo megafunction ("lpm_divide") from the following logic: "Waveform_Generator:inst8|Div0"
Info (12130): Elaborated megafunction instantiation "Waveform_Generator:inst8|lpm_divide:Div0"
Info (12133): Instantiated megafunction "Waveform_Generator:inst8|lpm_divide:Div0" with the following parameter:
    Info (12134): Parameter "LPM_WIDTHN" = "8"
    Info (12134): Parameter "LPM_WIDTHD" = "8"
    Info (12134): Parameter "LPM_NREPRESENTATION" = "UNSIGNED"
    Info (12134): Parameter "LPM_DREPRESENTATION" = "UNSIGNED"
Info (12021): Found 1 design units, including 1 entities, in source file db/lpm_divide_5dm.tdf
    Info (12023): Found entity 1: lpm_divide_5dm
Info (12021): Found 1 design units, including 1 entities, in source file db/sign_div_unsign_fkh.tdf
    Info (12023): Found entity 1: sign_div_unsign_fkh
Info (12021): Found 1 design units, including 1 entities, in source file db/alt_u_div_00f.tdf
    Info (12023): Found entity 1: alt_u_div_00f
Info (12021): Found 1 design units, including 1 entities, in source file db/add_sub_lkc.tdf
    Info (12023): Found entity 1: add_sub_lkc
Info (12021): Found 1 design units, including 1 entities, in source file db/add_sub_mkc.tdf
    Info (12023): Found entity 1: add_sub_mkc
Warning (13004): Presettable and clearable registers converted to equivalent circuits with latches. Registers power-up to an undefined state, and DEVCLRn places the registers in an undefined state.
    Warning (13310): Register "Frequency_Selector:inst14|count[7]" is converted into an equivalent circuit using register "Frequency_Selector:inst14|count[7]~_emulated" and latch "Frequency_Selector:inst14|count[7]~1"
    Warning (13310): Register "Frequency_Selector:inst14|count[6]" is converted into an equivalent circuit using register "Frequency_Selector:inst14|count[6]~_emulated" and latch "Frequency_Selector:inst14|count[7]~1"
    Warning (13310): Register "Frequency_Selector:inst14|count[3]" is converted into an equivalent circuit using register "Frequency_Selector:inst14|count[3]~_emulated" and latch "Frequency_Selector:inst14|count[7]~1"
    Warning (13310): Register "Frequency_Selector:inst14|count[2]" is converted into an equivalent circuit using register "Frequency_Selector:inst14|count[2]~_emulated" and latch "Frequency_Selector:inst14|count[2]~9"
    Warning (13310): Register "Frequency_Selector:inst14|count[1]" is converted into an equivalent circuit using register "Frequency_Selector:inst14|count[1]~_emulated" and latch "Frequency_Selector:inst14|count[1]~14"
    Warning (13310): Register "Frequency_Selector:inst14|count[0]" is converted into an equivalent circuit using register "Frequency_Selector:inst14|count[0]~_emulated" and latch "Frequency_Selector:inst14|count[0]~19"
Info (144001): Generated suppressed messages file E:/UT Archive/Digital Systems I Lab/Lab#3/Function Generator Synthesis/output_files/function_generator.map.smsg
Info (16010): Generating hard_block partition "hard_block:auto_generated_inst"
    Info (16011): Adding 0 node(s), including 0 DDIO, 0 PLL, 0 transceiver and 0 LCELL
Info (21057): Implemented 295 device resources after synthesis - the final resource count might be different
    Info (21058): Implemented 13 input pins
    Info (21059): Implemented 10 output pins
    Info (21061): Implemented 264 logic cells
    Info (21064): Implemented 8 RAM segments
Info: Quartus II 64-Bit Analysis & Synthesis was successful. 0 errors, 16 warnings
    Info: Peak virtual memory: 4628 megabytes
    Info: Processing ended: Tue Jun 06 11:45:47 2023
    Info: Elapsed time: 00:00:02
    Info: Total CPU time (on all processors): 00:00:01


+------------------------------------------+
; Analysis & Synthesis Suppressed Messages ;
+------------------------------------------+
The suppressed messages can be found in E:/UT Archive/Digital Systems I Lab/Lab#3/Function Generator Synthesis/output_files/function_generator.map.smsg.


